<?xml version="1.0" encoding="UTF-8"?>
<!-- Generated by org.testng.reporters.JUnitXMLReporter -->
<testsuite ignored="3" hostname="DESKTOP-0JON43M" failures="0" tests="4" name="Test" time="0.093" errors="0" timestamp="28 Sep 2022 12:23:06 GMT">
  <testcase classname="Commongroupinh.Test2" name="test6" time="0.019"/>
  <testcase classname="Commongroupinh.Test1" name="test4" time="0.021"/>
  <testcase classname="Commongroupinh.Test1" name="test3" time="0.028"/>
  <testcase classname="Commongroupinh.Test2" name="test7" time="0.028"/>
  <testcase classname="Commongroupinh.Test1" name="test2" time="0.0">
    <ignored/>
  </testcase> <!-- test2 -->
  <testcase classname="Commongroupinh.Test1" name="test1" time="0.0">
    <ignored/>
  </testcase> <!-- test1 -->
  <testcase classname="Commongroupinh.Test2" name="test5" time="0.0">
    <ignored/>
  </testcase> <!-- test5 -->
</testsuite> <!-- Test -->
