<?xml version="1.0" encoding="UTF-8"?>
<!-- Generated by org.testng.reporters.JUnitXMLReporter -->
<testsuite ignored="2" hostname="DESKTOP-0JON43M" failures="0" tests="1" name="Test2" time="0.02" errors="0" timestamp="25 Sep 2022 13:34:27 GMT">
  <testcase classname="Commongroupinh.Test2" name="test5" time="0.006"/>
  <testcase classname="Commongroupinh.Test2" name="test7" time="0.0">
    <ignored/>
  </testcase> <!-- test7 -->
  <testcase classname="Commongroupinh.Test2" name="test6" time="0.0">
    <ignored/>
  </testcase> <!-- test6 -->
</testsuite> <!-- Test2 -->
